
  _                   .-=-.           .-=-.          .-==-.       
 { }      __        .' O o '.       .' O o '.       /  -<' )--<   
 { }    .' O'.     / o .-. O \     / o .-. O \     /  .---`       
 { }   / .-. o\   /O  /   \  o\   /O  /   \  o\   /O /            
  \ `-` /   \ O`-'o  /     \  O`-'o  /     \  O`-`o /             
   `-.-`     '.____.'       `._____.'       `.____.'              

Serpent 2 beta

A Continuous-energy Monte Carlo Reactor Physics Burnup Calculation Code

 - Version 2.1.31 (May 16, 2019) -- Contact: serpent@vtt.fi

 - Reference: J. Leppanen, et al. "The Serpent Monte Carlo code: Status,
              development and applications in 2013." Ann. Nucl. Energy,
              82 (2015) 142-150.

 - Compiled Dec 12 2019 09:42:17

 - MPI Parallel calculation mode available

 - OpenMP Parallel calculation mode available

 - Geometry and mesh plotting available

 - Default data path set to: "/opt/serpent/xsdata"

Begin calculation on Wed Feb 19 18:04:24 2020

Reading input file "pwrr.inp"...

Checking duplicate input definitions...
OK.

Creating geometry...
OK.

Counting geometry zones...

The geometry consists of 5 levels:

Level 0 size: max 2 zones
Level 1 size: max 4 zones
Level 2 size: max 2 zones
Level 3 size: max 361 zones
Level 4 size: max 4 zones


 ***** Warning: Nest POWER is not used in geometry

Processing cells...
OK.

Linking materials to geometry...

 ***** Warning: Outside cells should be used only in universe 0

OK.

Dividing materials into depletion zones...

Material Fuel:

 - 156 cells
 - 156 depletion zones in total

Counting cells...
OK.

Processing data for group constant generation:

 - 70 energy groups in micro-group structure
 - 2 energy groups in macro-group structure
 - B1 fundamental mode calculation is not run
 - Group constants generated in 1 universes
 - Discontinuity factors are not calculated
 - Pin-power distributions are not calculated
 - Albedos are not calculated
 - Poison cross sections are not calculated

Calculating material volumes by sampling points...

Estimated calculation time: 0:00:06
Realized calculation time:  0:00:09


OK.

Plotting geometry:

   0% complete
 100% complete


***** Wed Feb 19 18:04:33 2020

Input error:

Unable to locate decay data file "sss_jeff31.dec"

Environment variable SERPENT_DATA is set to "/opt/serpent/xsdata"

